#
# A fatal error has been detected by the Java Runtime Environment:
#
#  EXCEPTION_ACCESS_VIOLATION (0xc0000005) at pc=0x00007ffa6c40a964, pid=3488, tid=0x0000000000001440
#
# JRE version: Java(TM) SE Runtime Environment (8.0_202-b08) (build 1.8.0_202-b08)
# Java VM: Java HotSpot(TM) 64-Bit Server VM (25.202-b08 mixed mode windows-amd64 compressed oops)
# Problematic frame:
# C  [ig9icd64.dll+0x1a964]
#
# Failed to write core dump. Minidumps are not enabled by default on client versions of Windows
#
# If you would like to submit a bug report, please visit:
#   http://bugreport.java.com/bugreport/crash.jsp
#

---------------  T H R E A D  ---------------

Current thread (0x000000001c2b8000):  VMThread [stack: 0x000000001d350000,0x000000001d450000] [id=5184]

siginfo: ExceptionCode=0xc0000005, writing address 0x00000000000350dc

Registers:
RAX=0x0000000000a00d20, RBX=0x0000000000000070, RCX=0x0000000000000000, RDX=0x0000000025aa0000
RSP=0x000000001d44e8f0, RBP=0x0000000024efb050, RSI=0x0000000000000000, RDI=0x0000000024e4b300
R8 =0x0000000029a670d0, R9 =0x0000000000000000, R10=0x0000000024e36ea0, R11=0x000000001d44e618
R12=0x0000000000000000, R13=0x000000000000000e, R14=0x0000000029a670d0, R15=0x0000000025aa0000
RIP=0x00007ffa6c40a964, EFLAGS=0x0000000000010286

Top of Stack: (sp=0x000000001d44e8f0)
0x000000001d44e8f0:   0000000000000004 09770000000000f0
0x000000001d44e900:   0000080400000802 0002000000000100
0x000000001d44e910:   00000802791a0002 0008000000000000
0x000000001d44e920:   0000000024e30aa0 0000000000000110
0x000000001d44e930:   0000000024e7fe80 00007ffa6c9c9f0e
0x000000001d44e940:   0000000024e80120 0000000024e80120
0x000000001d44e950:   0000000024e80120 000000001d44ea40
0x000000001d44e960:   00000000000004a5 00000000000003ff
0x000000001d44e970:   0000000000000000 0000000000000110
0x000000001d44e980:   0000000000000729 00007ffada2aead2
0x000000001d44e990:   0000208811000001 0000000000020002
0x000000001d44e9a0:   0000000000950000 0000000029a31a70
0x000000001d44e9b0:   00000000000003ff 0000000000000729
0x000000001d44e9c0:   0000000000000000 000000000a080a08
0x000000001d44e9d0:   00000000009d8700 0000000029a31a60
0x000000001d44e9e0:   0000000024e83c90 0000000024e80620 

Instructions: (pc=0x00007ffa6c40a964)
0x00007ffa6c40a944:   41 80 be 01 06 00 00 00 65 48 8b 04 25 58 00 00
0x00007ffa6c40a954:   00 b9 20 00 00 00 48 8b 04 18 48 8b 0c 01 74 07
0x00007ffa6c40a964:   c6 81 dc 50 03 00 01 85 f6 74 07 c6 81 dd 50 03
0x00007ffa6c40a974:   00 01 4d 85 ff 0f 84 b8 03 00 00 48 8b d5 4c 89 


Register to memory mapping:

RAX=0x0000000000a00d20 is an unknown value
RBX=0x0000000000000070 is an unknown value
RCX=0x0000000000000000 is an unknown value
RDX=0x0000000025aa0000 is an unknown value
RSP=0x000000001d44e8f0 is an unknown value
RBP=0x0000000024efb050 is an unknown value
RSI=0x0000000000000000 is an unknown value
RDI=0x0000000024e4b300 is an unknown value
R8 =0x0000000029a670d0 is an unknown value
R9 =0x0000000000000000 is an unknown value
R10=0x0000000024e36ea0 is an unknown value
R11=0x000000001d44e618 is an unknown value
R12=0x0000000000000000 is an unknown value
R13=0x000000000000000e is an unknown value
R14=0x0000000029a670d0 is an unknown value
R15=0x0000000025aa0000 is an unknown value


Stack: [0x000000001d350000,0x000000001d450000],  sp=0x000000001d44e8f0,  free space=1018k
Native frames: (J=compiled Java code, j=interpreted, Vv=VM code, C=native code)
C  [ig9icd64.dll+0x1a964]
C  [ig9icd64.dll+0x5d9f0e]
C  [ig9icd64.dll+0x64cc42]
C  [ig9icd64.dll+0x55d2fd]
C  [ig9icd64.dll+0x55d139]
C  [ig9icd64.dll+0x511ddb]
C  [ntdll.dll+0x19a1d]
C  [ntdll.dll+0x5f1da]
C  [ntdll.dll+0x5ef8d]
C  [KERNEL32.DLL+0x1e3eb]
C  [msvcr100.dll+0x20ccd]
V  [jvm.dll+0x214045]
V  [jvm.dll+0x24d5d7]
V  [jvm.dll+0x24c876]
V  [jvm.dll+0x24cd11]
V  [jvm.dll+0x24cf2e]
V  [jvm.dll+0x29fc6a]
C  [msvcr100.dll+0x21d9f]
C  [msvcr100.dll+0x21e3b]
C  [KERNEL32.DLL+0x17374]
C  [ntdll.dll+0x4cc91]

VM_Operation (0x0000000002b1dae0): Exit, mode: safepoint, requested by thread 0x0000000002b27800


---------------  P R O C E S S  ---------------

Java Threads: ( => current thread )
  0x000000001f5f6800 JavaThread "LWJGL Timer" daemon [_thread_blocked, id=5864, stack(0x000000002def0000,0x000000002dff0000)]
  0x000000001f5fa800 JavaThread "Java2D Disposer" daemon [_thread_blocked, id=7212, stack(0x000000002d3a0000,0x000000002d4a0000)]
  0x000000001f5f9800 JavaThread "Thread-3" [_thread_blocked, id=10144, stack(0x000000002d2a0000,0x000000002d3a0000)]
  0x000000001f5f8000 JavaThread "Timer hack thread" daemon [_thread_blocked, id=13296, stack(0x0000000024230000,0x0000000024330000)]
  0x0000000020fdf000 JavaThread "Snooper Timer" daemon [_thread_blocked, id=5236, stack(0x0000000022b40000,0x0000000022c40000)]
  0x000000001d746800 JavaThread "Service Thread" daemon [_thread_blocked, id=12576, stack(0x000000001dfb0000,0x000000001e0b0000)]
  0x000000001c32b800 JavaThread "C1 CompilerThread2" daemon [_thread_blocked, id=6220, stack(0x000000001deb0000,0x000000001dfb0000)]
  0x000000001c31b800 JavaThread "C2 CompilerThread1" daemon [_thread_blocked, id=480, stack(0x000000001ddb0000,0x000000001deb0000)]
  0x000000001c319800 JavaThread "C2 CompilerThread0" daemon [_thread_blocked, id=9748, stack(0x000000001dcb0000,0x000000001ddb0000)]
  0x000000001c317800 JavaThread "Attach Listener" daemon [_thread_blocked, id=2396, stack(0x000000001dbb0000,0x000000001dcb0000)]
  0x000000001d6f3800 JavaThread "Signal Dispatcher" daemon [_thread_blocked, id=10192, stack(0x000000001dab0000,0x000000001dbb0000)]
  0x0000000002c1a800 JavaThread "Finalizer" daemon [_thread_blocked, id=11024, stack(0x000000001d550000,0x000000001d650000)]
  0x0000000002c17000 JavaThread "Reference Handler" daemon [_thread_blocked, id=2700, stack(0x000000001d450000,0x000000001d550000)]
  0x0000000002b27800 JavaThread "Client thread" [_thread_blocked, id=12140, stack(0x0000000002a20000,0x0000000002b20000)]

Other Threads:
=>0x000000001c2b8000 VMThread [stack: 0x000000001d350000,0x000000001d450000] [id=5184]

VM state:at safepoint (shutting down)

VM Mutex/Monitor currently owned by a thread:  ([mutex/lock_event])
[0x0000000002b245e0] Threads_lock - owner thread: 0x000000001c2b8000

heap address: 0x00000006c0000000, size: 4096 MB, Compressed Oops mode: Zero based, Oop shift amount: 3
Narrow klass base: 0x0000000000000000, Narrow klass shift: 3
Compressed class space size: 1073741824 Address: 0x00000007c0000000

Heap:
 PSYoungGen      total 743424K, used 69540K [0x000000076ab00000, 0x000000079f400000, 0x00000007c0000000)
  eden space 694272K, 10% used [0x000000076ab00000,0x000000076eee93c8,0x0000000795100000)
  from space 49152K, 0% used [0x0000000798e00000,0x0000000798e00000,0x000000079be00000)
  to   space 62464K, 0% used [0x0000000795100000,0x0000000795100000,0x0000000798e00000)
 ParOldGen       total 374272K, used 105704K [0x00000006c0000000, 0x00000006d6d80000, 0x000000076ab00000)
  object space 374272K, 28% used [0x00000006c0000000,0x00000006c673a030,0x00000006d6d80000)
 Metaspace       used 37313K, capacity 37747K, committed 38104K, reserved 1083392K
  class space    used 4957K, capacity 5088K, committed 5120K, reserved 1048576K

Card table byte_map: [0x0000000011fe0000,0x00000000127f0000] byte_map_base: 0x000000000e9e0000

Marking Bits: (ParMarkBitMap*) 0x0000000073675ce0
 Begin Bits: [0x0000000013150000, 0x0000000017150000)
 End Bits:   [0x0000000017150000, 0x000000001b150000)

Polling page: 0x0000000000ee0000

CodeCache: size=245760Kb used=12671Kb max_used=14014Kb free=233088Kb
 bounds [0x0000000002c20000, 0x0000000003a10000, 0x0000000011c20000]
 total_blobs=4253 nmethods=3594 adapters=571
 compilation: enabled

Compilation events (10 events):
Event: 35.116 Thread 0x000000001c32b800 nmethod 4692 0x0000000003088650 code [0x00000000030887c0, 0x0000000003088a28]
Event: 35.116 Thread 0x000000001c32b800 4693       3       java.lang.AbstractStringBuilder::substring (10 bytes)
Event: 35.116 Thread 0x000000001c32b800 nmethod 4693 0x000000000354e150 code [0x000000000354e2c0, 0x000000000354e4c8]
Event: 35.137 Thread 0x000000001c319800 nmethod 4686% 0x0000000003089590 code [0x0000000003089740, 0x000000000308a1c8]
Event: 35.137 Thread 0x000000001c319800 4687 %     4       org.apache.logging.log4j.core.pattern.MessagePatternConverter::format @ 88 (287 bytes)
Event: 35.159 Thread 0x000000001c319800 nmethod 4687% 0x0000000002e885d0 code [0x0000000002e88760, 0x0000000002e88f68]
Event: 35.172 Thread 0x000000001c32b800 4694       3       net.minecraftforge.fml.client.SplashProgress::access$600 (4 bytes)
Event: 35.173 Thread 0x000000001c32b800 nmethod 4694 0x000000000382fc90 code [0x000000000382fde0, 0x000000000382ff30]
Event: 35.173 Thread 0x000000001c32b800 4695       3       net.minecraftforge.fml.client.SplashProgress$2::drawMemoryBar (358 bytes)
Event: 35.192 Thread 0x000000001c31b800 nmethod 4632 0x0000000003494750 code [0x0000000003494d00, 0x0000000003498fc8]

GC Heap History (10 events):
Event: 12.983 GC heap before
{Heap before GC invocations=7 (full 2):
 PSYoungGen      total 284672K, used 21475K [0x000000076ab00000, 0x000000078d700000, 0x00000007c0000000)
  eden space 263168K, 0% used [0x000000076ab00000,0x000000076ab00000,0x000000077ac00000)
  from space 21504K, 99% used [0x000000077ac00000,0x000000077c0f8db8,0x000000077c100000)
  to   space 21504K, 0% used [0x000000078c200000,0x000000078c200000,0x000000078d700000)
 ParOldGen       total 349696K, used 49336K [0x00000006c0000000, 0x00000006d5580000, 0x000000076ab00000)
  object space 349696K, 14% used [0x00000006c0000000,0x00000006c302e150,0x00000006d5580000)
 Metaspace       used 21800K, capacity 22166K, committed 22400K, reserved 1069056K
  class space    used 2690K, capacity 2823K, committed 2944K, reserved 1048576K
Event: 13.226 GC heap after
Heap after GC invocations=7 (full 2):
 PSYoungGen      total 284672K, used 0K [0x000000076ab00000, 0x000000078d700000, 0x00000007c0000000)
  eden space 263168K, 0% used [0x000000076ab00000,0x000000076ab00000,0x000000077ac00000)
  from space 21504K, 0% used [0x000000077ac00000,0x000000077ac00000,0x000000077c100000)
  to   space 21504K, 0% used [0x000000078c200000,0x000000078c200000,0x000000078d700000)
 ParOldGen       total 349696K, used 45634K [0x00000006c0000000, 0x00000006d5580000, 0x000000076ab00000)
  object space 349696K, 13% used [0x00000006c0000000,0x00000006c2c90aa8,0x00000006d5580000)
 Metaspace       used 21800K, capacity 22166K, committed 22400K, reserved 1069056K
  class space    used 2690K, capacity 2823K, committed 2944K, reserved 1048576K
}
Event: 16.814 GC heap before
{Heap before GC invocations=8 (full 2):
 PSYoungGen      total 284672K, used 263168K [0x000000076ab00000, 0x000000078d700000, 0x00000007c0000000)
  eden space 263168K, 100% used [0x000000076ab00000,0x000000077ac00000,0x000000077ac00000)
  from space 21504K, 0% used [0x000000077ac00000,0x000000077ac00000,0x000000077c100000)
  to   space 21504K, 0% used [0x000000078c200000,0x000000078c200000,0x000000078d700000)
 ParOldGen       total 349696K, used 45634K [0x00000006c0000000, 0x00000006d5580000, 0x000000076ab00000)
  object space 349696K, 13% used [0x00000006c0000000,0x00000006c2c90aa8,0x00000006d5580000)
 Metaspace       used 25469K, capacity 25808K, committed 26240K, reserved 1073152K
  class space    used 3246K, capacity 3376K, committed 3456K, reserved 1048576K
Event: 16.891 GC heap after
Heap after GC invocations=8 (full 2):
 PSYoungGen      total 452608K, used 13988K [0x000000076ab00000, 0x000000078d000000, 0x00000007c0000000)
  eden space 438272K, 0% used [0x000000076ab00000,0x000000076ab00000,0x0000000785700000)
  from space 14336K, 97% used [0x000000078c200000,0x000000078cfa9388,0x000000078d000000)
  to   space 47104K, 0% used [0x0000000787400000,0x0000000787400000,0x000000078a200000)
 ParOldGen       total 349696K, used 45642K [0x00000006c0000000, 0x00000006d5580000, 0x000000076ab00000)
  object space 349696K, 13% used [0x00000006c0000000,0x00000006c2c92aa8,0x00000006d5580000)
 Metaspace       used 25469K, capacity 25808K, committed 26240K, reserved 1073152K
  class space    used 3246K, capacity 3376K, committed 3456K, reserved 1048576K
}
Event: 23.875 GC heap before
{Heap before GC invocations=9 (full 2):
 PSYoungGen      total 452608K, used 452260K [0x000000076ab00000, 0x000000078d000000, 0x00000007c0000000)
  eden space 438272K, 100% used [0x000000076ab00000,0x0000000785700000,0x0000000785700000)
  from space 14336K, 97% used [0x000000078c200000,0x000000078cfa9388,0x000000078d000000)
  to   space 47104K, 0% used [0x0000000787400000,0x0000000787400000,0x000000078a200000)
 ParOldGen       total 349696K, used 45642K [0x00000006c0000000, 0x00000006d5580000, 0x000000076ab00000)
  object space 349696K, 13% used [0x00000006c0000000,0x00000006c2c92aa8,0x00000006d5580000)
 Metaspace       used 31448K, capacity 31892K, committed 32256K, reserved 1077248K
  class space    used 4359K, capacity 4486K, committed 4608K, reserved 1048576K
Event: 23.961 GC heap after
Heap after GC invocations=9 (full 2):
 PSYoungGen      total 515072K, used 34761K [0x000000076ab00000, 0x000000079be00000, 0x00000007c0000000)
  eden space 467968K, 0% used [0x000000076ab00000,0x000000076ab00000,0x0000000787400000)
  from space 47104K, 73% used [0x0000000787400000,0x00000007895f2400,0x000000078a200000)
  to   space 49152K, 0% used [0x0000000798e00000,0x0000000798e00000,0x000000079be00000)
 ParOldGen       total 349696K, used 45650K [0x00000006c0000000, 0x00000006d5580000, 0x000000076ab00000)
  object space 349696K, 13% used [0x00000006c0000000,0x00000006c2c94aa8,0x00000006d5580000)
 Metaspace       used 31448K, capacity 31892K, committed 32256K, reserved 1077248K
  class space    used 4359K, capacity 4486K, committed 4608K, reserved 1048576K
}
Event: 33.791 GC heap before
{Heap before GC invocations=10 (full 2):
 PSYoungGen      total 515072K, used 339873K [0x000000076ab00000, 0x000000079be00000, 0x00000007c0000000)
  eden space 467968K, 65% used [0x000000076ab00000,0x000000077d4f6348,0x0000000787400000)
  from space 47104K, 73% used [0x0000000787400000,0x00000007895f2400,0x000000078a200000)
  to   space 49152K, 0% used [0x0000000798e00000,0x0000000798e00000,0x000000079be00000)
 ParOldGen       total 349696K, used 45650K [0x00000006c0000000, 0x00000006d5580000, 0x000000076ab00000)
  object space 349696K, 13% used [0x00000006c0000000,0x00000006c2c94aa8,0x00000006d5580000)
 Metaspace       used 36530K, capacity 36953K, committed 37336K, reserved 1081344K
  class space    used 4872K, capacity 5013K, committed 5120K, reserved 1048576K
Event: 33.948 GC heap after
Heap after GC invocations=10 (full 2):
 PSYoungGen      total 743424K, used 49122K [0x000000076ab00000, 0x000000079f400000, 0x00000007c0000000)
  eden space 694272K, 0% used [0x000000076ab00000,0x000000076ab00000,0x0000000795100000)
  from space 49152K, 99% used [0x0000000798e00000,0x000000079bdf8810,0x000000079be00000)
  to   space 62464K, 0% used [0x0000000795100000,0x0000000795100000,0x0000000798e00000)
 ParOldGen       total 349696K, used 59932K [0x00000006c0000000, 0x00000006d5580000, 0x000000076ab00000)
  object space 349696K, 17% used [0x00000006c0000000,0x00000006c3a873c0,0x00000006d5580000)
 Metaspace       used 36530K, capacity 36953K, committed 37336K, reserved 1081344K
  class space    used 4872K, capacity 5013K, committed 5120K, reserved 1048576K
}
Event: 33.948 GC heap before
{Heap before GC invocations=11 (full 3):
 PSYoungGen      total 743424K, used 49122K [0x000000076ab00000, 0x000000079f400000, 0x00000007c0000000)
  eden space 694272K, 0% used [0x000000076ab00000,0x000000076ab00000,0x0000000795100000)
  from space 49152K, 99% used [0x0000000798e00000,0x000000079bdf8810,0x000000079be00000)
  to   space 62464K, 0% used [0x0000000795100000,0x0000000795100000,0x0000000798e00000)
 ParOldGen       total 349696K, used 59932K [0x00000006c0000000, 0x00000006d5580000, 0x000000076ab00000)
  object space 349696K, 17% used [0x00000006c0000000,0x00000006c3a873c0,0x00000006d5580000)
 Metaspace       used 36530K, capacity 36953K, committed 37336K, reserved 1081344K
  class space    used 4872K, capacity 5013K, committed 5120K, reserved 1048576K
Event: 34.568 GC heap after
Heap after GC invocations=11 (full 3):
 PSYoungGen      total 743424K, used 0K [0x000000076ab00000, 0x000000079f400000, 0x00000007c0000000)
  eden space 694272K, 0% used [0x000000076ab00000,0x000000076ab00000,0x0000000795100000)
  from space 49152K, 0% used [0x0000000798e00000,0x0000000798e00000,0x000000079be00000)
  to   space 62464K, 0% used [0x0000000795100000,0x0000000795100000,0x0000000798e00000)
 ParOldGen       total 374272K, used 105704K [0x00000006c0000000, 0x00000006d6d80000, 0x000000076ab00000)
  object space 374272K, 28% used [0x00000006c0000000,0x00000006c673a030,0x00000006d6d80000)
 Metaspace       used 36530K, capacity 36953K, committed 37336K, reserved 1081344K
  class space    used 4872K, capacity 5013K, committed 5120K, reserved 1048576K
}

Deoptimization events (10 events):
Event: 34.788 Thread 0x0000000002b27800 Uncommon trap: reason=bimorphic action=maybe_recompile pc=0x0000000003648550 method=java.util.regex.Pattern$5.isSatisfiedBy(I)Z @ 5
Event: 34.788 Thread 0x0000000002b27800 Uncommon trap: reason=bimorphic action=maybe_recompile pc=0x0000000003648550 method=java.util.regex.Pattern$5.isSatisfiedBy(I)Z @ 5
Event: 34.788 Thread 0x0000000002b27800 Uncommon trap: reason=bimorphic action=maybe_recompile pc=0x0000000003779350 method=java.util.regex.Pattern$5.isSatisfiedBy(I)Z @ 5
Event: 34.841 Thread 0x0000000002b27800 Uncommon trap: reason=unstable_if action=reinterpret pc=0x0000000003620ccc method=java.util.regex.Pattern$Ctype.isSatisfiedBy(I)Z @ 4
Event: 34.841 Thread 0x0000000002b27800 Uncommon trap: reason=unstable_if action=reinterpret pc=0x0000000003646b40 method=java.util.regex.Pattern$BitClass.isSatisfiedBy(I)Z @ 4
Event: 34.865 Thread 0x0000000002b27800 Uncommon trap: reason=unstable_if action=reinterpret pc=0x00000000035bbcc4 method=java.util.HashMap.putMapEntries(Ljava/util/Map;Z)V @ 15
Event: 34.877 Thread 0x0000000002b27800 Uncommon trap: reason=unstable_if action=reinterpret pc=0x00000000031d99e4 method=com.google.gson.stream.JsonReader.nextQuotedValue(C)Ljava/lang/String; @ 81
Event: 34.957 Thread 0x0000000002b27800 Uncommon trap: reason=unstable_if action=reinterpret pc=0x00000000034196e0 method=java.lang.String.concat(Ljava/lang/String;)Ljava/lang/String; @ 6
Event: 35.113 Thread 0x0000000002b27800 Uncommon trap: reason=unstable_if action=reinterpret pc=0x00000000033c82a4 method=java.lang.AbstractStringBuilder.append(I)Ljava/lang/AbstractStringBuilder; @ 16
Event: 35.114 Thread 0x0000000002b27800 Uncommon trap: reason=unstable_if action=reinterpret pc=0x000000000341293c method=net.minecraftforge.fml.relauncher.FMLSecurityManager.checkPermission(Ljava/security/Permission;)V @ 23

Classes redefined (0 events):
No events

Internal exceptions (10 events):
Event: 30.381 Thread 0x0000000002b27800 Implicit null exception at 0x00000000031dbd50 to 0x00000000031dbd79
Event: 30.381 Thread 0x0000000002b27800 Implicit null exception at 0x0000000002ed5850 to 0x0000000002ed5896
Event: 30.381 Thread 0x0000000002b27800 Implicit null exception at 0x0000000002f15850 to 0x0000000002f1589a
Event: 30.417 Thread 0x0000000002b27800 Implicit null exception at 0x0000000002e62290 to 0x0000000002e622da
Event: 33.581 Thread 0x0000000002b27800 Exception <a 'java/io/FileNotFoundException'> (0x000000077c83b460) thrown at [C:\re\workspace\8-2-build-windows-amd64-cygwin\jdk8u202\12323\hotspot\src\share\vm\prims\jni.cpp, line 710]
Event: 33.761 Thread 0x0000000002b27800 Implicit null exception at 0x000000000315b993 to 0x000000000315ba55
Event: 34.768 Thread 0x0000000002b27800 Exception <a 'java/io/IOException'> (0x000000076c882e70) thrown at [C:\re\workspace\8-2-build-windows-amd64-cygwin\jdk8u202\12323\hotspot\src\share\vm\prims\jni.cpp, line 710]
Event: 34.774 Thread 0x0000000002b27800 Exception <a 'java/io/IOException'> (0x000000076c8987d8) thrown at [C:\re\workspace\8-2-build-windows-amd64-cygwin\jdk8u202\12323\hotspot\src\share\vm\prims\jni.cpp, line 710]
Event: 34.799 Thread 0x0000000002b27800 Exception <a 'java/io/IOException'> (0x000000076cc03610) thrown at [C:\re\workspace\8-2-build-windows-amd64-cygwin\jdk8u202\12323\hotspot\src\share\vm\prims\jni.cpp, line 710]
Event: 34.806 Thread 0x0000000002b27800 Exception <a 'java/io/IOException'> (0x000000076cc1aa70) thrown at [C:\re\workspace\8-2-build-windows-amd64-cygwin\jdk8u202\12323\hotspot\src\share\vm\prims\jni.cpp, line 710]

Events (10 events):
Event: 35.194 Executing VM operation: RevokeBias done
Event: 35.194 Executing VM operation: RevokeBias
Event: 35.194 Executing VM operation: RevokeBias done
Event: 35.194 Executing VM operation: RevokeBias
Event: 35.194 Executing VM operation: RevokeBias done
Event: 35.195 Executing VM operation: RevokeBias
Event: 35.195 Executing VM operation: RevokeBias done
Event: 35.200 Thread 0x000000001f5f7800 Thread exited: 0x000000001f5f7800
Event: 35.205 Thread 0x000000001f5fc800 Thread exited: 0x000000001f5fc800
Event: 35.220 Executing VM operation: Exit


Dynamic libraries:
0x00007ff7b1810000 - 0x00007ff7b1847000 	C:\Program Files\Java\jdk1.8.0_202\bin\java.exe
0x00007ffada290000 - 0x00007ffada488000 	C:\WINDOWS\SYSTEM32\ntdll.dll
0x00007ffad8b30000 - 0x00007ffad8bf1000 	C:\WINDOWS\System32\KERNEL32.DLL
0x00007ffad7b10000 - 0x00007ffad7e0d000 	C:\WINDOWS\System32\KERNELBASE.dll
0x00007ffad8680000 - 0x00007ffad8730000 	C:\WINDOWS\System32\ADVAPI32.dll
0x00007ffad8550000 - 0x00007ffad85ee000 	C:\WINDOWS\System32\msvcrt.dll
0x00007ffada1b0000 - 0x00007ffada250000 	C:\WINDOWS\System32\sechost.dll
0x00007ffad8d50000 - 0x00007ffad8e73000 	C:\WINDOWS\System32\RPCRT4.dll
0x00007ffad81f0000 - 0x00007ffad8217000 	C:\WINDOWS\System32\bcrypt.dll
0x00007ffad8860000 - 0x00007ffad89fd000 	C:\WINDOWS\System32\USER32.dll
0x00007ffad7f70000 - 0x00007ffad7f92000 	C:\WINDOWS\System32\win32u.dll
0x00007ffad8ae0000 - 0x00007ffad8b0b000 	C:\WINDOWS\System32\GDI32.dll
0x00007ffad79f0000 - 0x00007ffad7b07000 	C:\WINDOWS\System32\gdi32full.dll
0x00007ffad8220000 - 0x00007ffad82bd000 	C:\WINDOWS\System32\msvcp_win.dll
0x00007ffad7fa0000 - 0x00007ffad80a0000 	C:\WINDOWS\System32\ucrtbase.dll
0x00007ffac0ec0000 - 0x00007ffac115a000 	C:\WINDOWS\WinSxS\amd64_microsoft.windows.common-controls_6595b64144ccf1df_6.0.19041.4355_none_60b8b9eb71f62e16\COMCTL32.dll
0x00007ffad9490000 - 0x00007ffad94bf000 	C:\WINDOWS\System32\IMM32.DLL
0x0000000073d70000 - 0x0000000073e42000 	C:\Program Files\Java\jdk1.8.0_202\jre\bin\msvcr100.dll
0x0000000072e50000 - 0x00000000736f5000 	C:\Program Files\Java\jdk1.8.0_202\jre\bin\server\jvm.dll
0x00007ffada1a0000 - 0x00007ffada1a8000 	C:\WINDOWS\System32\PSAPI.DLL
0x00007ffacfd30000 - 0x00007ffacfd39000 	C:\WINDOWS\SYSTEM32\WSOCK32.dll
0x00007ffac8230000 - 0x00007ffac8257000 	C:\WINDOWS\SYSTEM32\WINMM.dll
0x00007ffad1890000 - 0x00007ffad189a000 	C:\WINDOWS\SYSTEM32\VERSION.dll
0x00007ffad8ce0000 - 0x00007ffad8d4b000 	C:\WINDOWS\System32\ws2_32.DLL
0x00007ffacf2b0000 - 0x00007ffacf2bf000 	C:\Program Files\Java\jdk1.8.0_202\jre\bin\verify.dll
0x00007ffac6e20000 - 0x00007ffac6e49000 	C:\Program Files\Java\jdk1.8.0_202\jre\bin\java.dll
0x00007ffac8170000 - 0x00007ffac8186000 	C:\Program Files\Java\jdk1.8.0_202\jre\bin\zip.dll
0x00007ffad9520000 - 0x00007ffad9c8f000 	C:\WINDOWS\System32\SHELL32.dll
0x00007ffad59a0000 - 0x00007ffad613f000 	C:\WINDOWS\SYSTEM32\windows.storage.dll
0x00007ffad9c90000 - 0x00007ffad9fe3000 	C:\WINDOWS\System32\combase.dll
0x00007ffad71b0000 - 0x00007ffad71de000 	C:\WINDOWS\SYSTEM32\Wldp.dll
0x00007ffad8c10000 - 0x00007ffad8cdd000 	C:\WINDOWS\System32\OLEAUT32.dll
0x00007ffad84a0000 - 0x00007ffad854d000 	C:\WINDOWS\System32\SHCORE.dll
0x00007ffad8fc0000 - 0x00007ffad9015000 	C:\WINDOWS\System32\shlwapi.dll
0x00007ffad7870000 - 0x00007ffad7894000 	C:\WINDOWS\SYSTEM32\profapi.dll
0x00007fface7c0000 - 0x00007fface7cd000 	C:\Program Files\Java\jdk1.8.0_202\jre\bin\management.dll
0x00007ffac19e0000 - 0x00007ffac19fa000 	C:\Program Files\Java\jdk1.8.0_202\jre\bin\net.dll
0x00007ffacecc0000 - 0x00007ffaceeac000 	C:\WINDOWS\SYSTEM32\urlmon.dll
0x00007fface9f0000 - 0x00007ffacecae000 	C:\WINDOWS\SYSTEM32\iertutil.dll
0x00007fface9c0000 - 0x00007fface9e8000 	C:\WINDOWS\SYSTEM32\srvcli.dll
0x00007ffad6da0000 - 0x00007ffad6dac000 	C:\WINDOWS\SYSTEM32\netutils.dll
0x00007ffad6f90000 - 0x00007ffad6ffa000 	C:\WINDOWS\system32\mswsock.dll
0x00007ffac0b60000 - 0x00007ffac0b77000 	C:\WINDOWS\system32\napinsp.dll
0x00007ffac0840000 - 0x00007ffac085b000 	C:\WINDOWS\system32\pnrpnsp.dll
0x00007ffad2220000 - 0x00007ffad2235000 	C:\WINDOWS\system32\wshbth.dll
0x00007ffad2970000 - 0x00007ffad298d000 	C:\WINDOWS\system32\NLAapi.dll
0x00007ffad6c90000 - 0x00007ffad6ccb000 	C:\WINDOWS\SYSTEM32\IPHLPAPI.DLL
0x00007ffad6cd0000 - 0x00007ffad6d9a000 	C:\WINDOWS\SYSTEM32\DNSAPI.dll
0x00007ffad85f0000 - 0x00007ffad85f8000 	C:\WINDOWS\System32\NSI.dll
0x00007ffabfb60000 - 0x00007ffabfb72000 	C:\WINDOWS\System32\winrnr.dll
0x00007ffac6c80000 - 0x00007ffac6c8a000 	C:\Windows\System32\rasadhlp.dll
0x00007ffacf5c0000 - 0x00007ffacf640000 	C:\WINDOWS\System32\fwpuclnt.dll
0x00007ffac19c0000 - 0x00007ffac19d2000 	C:\Program Files\Java\jdk1.8.0_202\jre\bin\nio.dll
0x00007ffad7570000 - 0x00007ffad7588000 	C:\WINDOWS\SYSTEM32\CRYPTSP.dll
0x00007ffad68d0000 - 0x00007ffad6904000 	C:\WINDOWS\system32\rsaenh.dll
0x00007ffad7820000 - 0x00007ffad784e000 	C:\WINDOWS\SYSTEM32\USERENV.dll
0x00007ffad80f0000 - 0x00007ffad8172000 	C:\WINDOWS\System32\bcryptprimitives.dll
0x00007ffad7120000 - 0x00007ffad712c000 	C:\WINDOWS\SYSTEM32\CRYPTBASE.dll
0x00007ffad01f0000 - 0x00007ffad0207000 	C:\WINDOWS\SYSTEM32\dhcpcsvc6.DLL
0x00007ffad0b70000 - 0x00007ffad0b8d000 	C:\WINDOWS\SYSTEM32\dhcpcsvc.DLL
0x00007ffaa4070000 - 0x00007ffaa40b2000 	C:\Users\NING MEI\AppData\Local\Temp\jna-1163185221\jna207687662157839068.dll
0x0000000180000000 - 0x0000000180053000 	C:\Users\NING MEI\.gradle\caches\minecraft\net\minecraft\natives\1.12.2\lwjgl64.dll
0x00007ffab2250000 - 0x00007ffab2378000 	C:\WINDOWS\SYSTEM32\OPENGL32.dll
0x00007ffab2220000 - 0x00007ffab224c000 	C:\WINDOWS\SYSTEM32\GLU32.dll
0x00007ffa7fd60000 - 0x00007ffa7fef9000 	C:\Program Files\Java\jdk1.8.0_202\jre\bin\awt.dll
0x00007ffad4f00000 - 0x00007ffad4f94000 	C:\WINDOWS\SYSTEM32\apphelp.dll
0x00007ffad2020000 - 0x00007ffad20ce000 	C:\WINDOWS\SYSTEM32\mscms.dll
0x00007ffad1fb0000 - 0x00007ffad1fc1000 	C:\WINDOWS\SYSTEM32\ColorAdapterClient.dll
0x00007ffad57a0000 - 0x00007ffad57b2000 	C:\WINDOWS\SYSTEM32\kernel.appcore.dll
0x00007ffad8f10000 - 0x00007ffad8fb9000 	C:\WINDOWS\System32\clbcatq.dll
0x00007ffacd9b0000 - 0x00007ffacd9f3000 	C:\Windows\System32\Windows.Internal.Graphics.Display.DisplayColorManagement.dll
0x00007ffad80a0000 - 0x00007ffad80ee000 	C:\WINDOWS\System32\cfgmgr32.dll
0x00007ffad52b0000 - 0x00007ffad534e000 	C:\WINDOWS\system32\uxtheme.dll
0x00007ffad8380000 - 0x00007ffad8494000 	C:\WINDOWS\System32\MSCTF.dll
0x00007ffab3210000 - 0x00007ffab3309000 	C:\WINDOWS\SYSTEM32\textinputframework.dll
0x00007ffad4dc0000 - 0x00007ffad4eb2000 	C:\WINDOWS\System32\CoreMessaging.dll
0x00007ffad4a60000 - 0x00007ffad4dbb000 	C:\WINDOWS\System32\CoreUIComponents.dll
0x00007ffad6a10000 - 0x00007ffad6a43000 	C:\WINDOWS\SYSTEM32\ntmarta.dll
0x00007ffad4800000 - 0x00007ffad4957000 	C:\WINDOWS\SYSTEM32\wintypes.dll
0x00007ffad0430000 - 0x00007ffad0532000 	C:\Windows\System32\AppXDeploymentClient.dll
0x00007ffa6c3f0000 - 0x00007ffa6d40d000 	C:\WINDOWS\System32\DriverStore\FileRepository\iigd_dch.inf_amd64_e96a5623ed9fa7ca\ig9icd64.dll
0x00007ffad8730000 - 0x00007ffad885b000 	C:\WINDOWS\System32\ole32.dll
0x00007ffad55c0000 - 0x00007ffad55ef000 	C:\WINDOWS\system32\dwmapi.dll
0x00007ffad6180000 - 0x00007ffad6276000 	C:\WINDOWS\system32\dxgi.dll
0x00007ffa89790000 - 0x00007ffa89a60000 	C:\WINDOWS\System32\DriverStore\FileRepository\iigd_dch.inf_amd64_e96a5623ed9fa7ca\igdml64.dll
0x00007ffacbe70000 - 0x00007ffacc259000 	C:\WINDOWS\System32\DriverStore\FileRepository\iigd_dch.inf_amd64_e96a5623ed9fa7ca\igdgmm64.dll
0x00007ffaa3310000 - 0x00007ffaa3356000 	C:\WINDOWS\SYSTEM32\icm32.dll
0x00007ffac8860000 - 0x00007ffacbe6f000 	C:\WINDOWS\System32\DriverStore\FileRepository\iigd_dch.inf_amd64_e96a5623ed9fa7ca\igc64.dll
0x00007ffad7790000 - 0x00007ffad77db000 	C:\WINDOWS\SYSTEM32\powrprof.dll
0x00007ffad7770000 - 0x00007ffad7782000 	C:\WINDOWS\SYSTEM32\UMPDC.dll
0x00007ffaa3280000 - 0x00007ffaa32c2000 	C:\Users\NING MEI\AppData\Local\Temp\jna-1163185221\jna2668860962033272089.dll
0x00007ffac8670000 - 0x00007ffac8854000 	C:\WINDOWS\SYSTEM32\dbghelp.dll

VM Arguments:
jvm_args: -Dfile.encoding=UTF-8 -Duser.country=CN -Duser.language=zh -Duser.variant -Xmx4096M -Xms512M 
java_command: GradleStart
java_class_path (initial): C:\Users\NING MEI\.gradle\caches\minecraft\deobfedDeps\compileDummy.jar;C:\Users\NING MEI\.gradle\caches\minecraft\deobfedDeps\providedDummy.jar;C:\Users\NING MEI\.gradle\caches\minecraft\net\minecraftforge\forge\1.12.2-14.23.5.2768\snapshot\20171003\forgeSrc-1.12.2-14.23.5.2768.jar;C:\Users\NING MEI\.gradle\caches\modules-2\files-2.1\com.mojang\authlib\1.5.25\9834cdf236c22e84b946bba989e2f94ef5897c3c\authlib-1.5.25.jar;C:\Users\NING MEI\.gradle\caches\modules-2\files-2.1\com.google.code.findbugs\jsr305\3.0.1\f7be08ec23c21485b9b5a1cf1654c2ec8c58168d\jsr305-3.0.1.jar;C:\Users\NING MEI\.gradle\caches\modules-2\files-2.1\com.mojang\patchy\1.3.9\eb8bb7b66fa0e2152b1b40b3856e82f7619439ee\patchy-1.3.9.jar;C:\Users\NING MEI\.gradle\caches\modules-2\files-2.1\oshi-project\oshi-core\1.1\9ddf7b048a8d701be231c0f4f95fd986198fd2d8\oshi-core-1.1.jar;C:\Users\NING MEI\.gradle\caches\modules-2\files-2.1\com.mojang\text2speech\1.10.3\48fd510879dff266c3815947de66e3d4809f8668\text2speech-1.10.3.jar;C:\Users\NING MEI\.gradle\caches\modules-2\files-2.1\ca.weblite\java-objc-bridge\1.0.0\6ef160c3133a78de015830860197602ca1c855d3\java-objc-bridge-1.0.0.jar;C:\Users\NING MEI\.gradle\caches\modules-2\files-2.1\net.java.dev.jna\jna\4.4.0\cb208278274bf12ebdb56c61bd7407e6f774d65a\jna-4.4.0.jar;C:\Users\NING MEI\.gradle\caches\modules-2\files-2.1\net.java.dev.jna\platform\3.4.0\e3f70017be8100d3d6923f50b3d2ee17714e9c13\platform-3.4.0.jar;C:\Users\NING MEI\.gradle\caches\modules-2\files-2.1\com.ibm.icu\icu4j-core-mojang\51.2\63d216a9311cca6be337c1e458e587f99d382b84\icu4j-core-mojang-51.2.jar;C:\Users\NING MEI\.gradle\caches\modules-2\files-2.1\net.minecraft\launchwrapper\1.12\111e7bea9c968cdb3d06ef4632bf7ff0824d0f36\launchwrapper-1.12.jar;C:\Users\NING MEI\.gradle\caches\modules-2\files-2.1\net.sf.jopt-simple\jopt-simple\5.0.3\cdd846cfc4e0f7eefafc02c0f5dce32b9303aa2a\jopt-simple-5.0.3.jar;C:\Users\NING MEI\.gradle\caches\modules-2\files-2.1\io.netty\netty-all\4.1.9.Final\
Launcher Type: SUN_STANDARD

Environment Variables:
JAVA_HOME=C:\Program Files\Java\jdk1.8.0_202\
_JAVA_OPTIONS=-Xmx4096M -Xms512M
PATH=C:\Program Files\PlasticSCM5\server;C:\Program Files\PlasticSCM5\client;C:\Program Files (x86)\NVIDIA Corporation\PhysX\Common;E:\opencv\build\x64\vc15\bin;C:\Gradle\gradle-7.2-bin\bin;C:\Program Files\Java\jdk1.8.0_202\bin;C:\Program Files\Common Files\Oracle\Java\javapath;E:\python3.9.6;C:\WINDOWS\system32;C:\WINDOWS;C:\WINDOWS\System32\Wbem;C:\WINDOWS\System32\WindowsPowerShell\v1.0\;C:\WINDOWS\System32\OpenSSH\;C:\Program Files\Bandizip\;C:\Program Files\dotnet\;C:\Program Files\Microsoft SQL Server\150\Tools\Binn\;C:\Program Files\Docker\Docker\resources\bin;C:\Program Files (x86)\Windows Kits\10\Windows Performance Toolkit\;E:\opencv\build\x64\vc15\bin;C:\Users\NING MEI\miniconda3;C:\Users\NING MEI\miniconda3\Library\mingw-w64\bin;C:\Users\NING MEI\miniconda3\Library\usr\bin;C:\Users\NING MEI\miniconda3\Library\bin;C:\Users\NING MEI\miniconda3\Scripts;C:\Program Files\Java\jdk1.8.0_202\bin;E:\python3.9.6\Scripts\;E:\python3.9.6\;C:\Users\NING MEI\AppData\Local\Programs\Python\Launcher\;E:\python\Scripts\;E:\python\;C:\Users\NING MEI\AppData\Local\Microsoft\WindowsApps;Z:\IntelliJ IDEA 2019.1.4\bin;;D:\IntelliJ IDEA Community Edition 2024.2.1\bin;;D:\WebStorm 2021.3.2\bin;;D:\PyCharm Community Edition 2021.3.3\bin;;F:\Microsoft VS Code\bin;C:\Users\NING MEI\.dotnet\tools;
USERNAME=NING MEI
OS=Windows_NT
PROCESSOR_IDENTIFIER=Intel64 Family 6 Model 122 Stepping 1, GenuineIntel



---------------  S Y S T E M  ---------------

OS: Windows 10.0 , 64 bit Build 19041 (10.0.19041.4717)

CPU:total 4 (initial active 4) (4 cores per cpu, 1 threads per core) family 6 model 122 stepping 1, cmov, cx8, fxsr, mmx, sse, sse2, sse3, ssse3, sse4.1, sse4.2, popcnt, aes, clmul, erms, 3dnowpref, tsc, tscinvbit

Memory: 4k page, physical 8235312k(204104k free), swap 15052336k(1619220k free)

vm_info: Java HotSpot(TM) 64-Bit Server VM (25.202-b08) for windows-amd64 JRE (1.8.0_202-b08), built on Dec 15 2018 19:54:30 by "java_re" with MS VC++ 10.0 (VS2010)

time: Sun Sep 15 17:54:41 2024
timezone: 中国标准时间
elapsed time: 35 seconds (0d 0h 0m 35s)

