#
# A fatal error has been detected by the Java Runtime Environment:
#
#  EXCEPTION_ACCESS_VIOLATION (0xc0000005) at pc=0x00007ff949c4a964, pid=10092, tid=0x0000000000002f0c
#
# JRE version: Java(TM) SE Runtime Environment (8.0_202-b08) (build 1.8.0_202-b08)
# Java VM: Java HotSpot(TM) 64-Bit Server VM (25.202-b08 mixed mode windows-amd64 compressed oops)
# Problematic frame:
# C  [ig9icd64.dll+0x1a964]
#
# Failed to write core dump. Minidumps are not enabled by default on client versions of Windows
#
# If you would like to submit a bug report, please visit:
#   http://bugreport.java.com/bugreport/crash.jsp
# The crash happened outside the Java Virtual Machine in native code.
# See problematic frame for where to report the bug.
#

---------------  T H R E A D  ---------------

Current thread (0x000000001cd23000):  JavaThread "JDWP Transport Listener: dt_socket" daemon [_thread_in_native, id=12044, stack(0x000000001e670000,0x000000001e770000)]

siginfo: ExceptionCode=0xc0000005, writing address 0x00000000000350dc

Registers:
RAX=0x000000000110cb30, RBX=0x0000000000000070, RCX=0x0000000000000000, RDX=0x0000000068930000
RSP=0x000000001e76e550, RBP=0x000000002c250080, RSI=0x0000000000000000, RDI=0x000000002c19ef40
R8 =0x00000000303b0bd0, R9 =0x0000000000000000, R10=0x000000002c1875e0, R11=0x000000001e76e278
R12=0x0000000000000000, R13=0x000000000000000e, R14=0x00000000303b0bd0, R15=0x0000000068930000
RIP=0x00007ff949c4a964, EFLAGS=0x0000000000010282

Top of Stack: (sp=0x000000001e76e550)
0x000000001e76e550:   0000000000000004 09770000000000f0
0x000000001e76e560:   0000080400000802 0002000000000100
0x000000001e76e570:   00000802791a0002 0008000000000000
0x000000001e76e580:   000000002c245e50 0000000000000110
0x000000001e76e590:   000000002c1d3ac0 00007ff94a209f0e
0x000000001e76e5a0:   000000002c1d3d60 000000002c1d3d60
0x000000001e76e5b0:   000000002c1d3d60 000000001e76e6a0
0x000000001e76e5c0:   00000000000004a5 0000000004000400
0x000000001e76e5d0:   0000000000000000 00007ff900000110
0x000000001e76e5e0:   000000000107f4f0 0000000000000000
0x000000001e76e5f0:   0000208811000001 00007ff900020002
0x000000001e76e600:   0000000000000729 00000000303a0df0
0x000000001e76e610:   0000000000000729 00007ff9a5b4ead2
0x000000001e76e620:   0000000000000000 0000000030380000
0x000000001e76e630:   0000000001070000 000000001e76e699
0x000000001e76e640:   000000002c1d78d0 000000002c1d4260 

Instructions: (pc=0x00007ff949c4a964)
0x00007ff949c4a944:   41 80 be 01 06 00 00 00 65 48 8b 04 25 58 00 00
0x00007ff949c4a954:   00 b9 20 00 00 00 48 8b 04 18 48 8b 0c 01 74 07
0x00007ff949c4a964:   c6 81 dc 50 03 00 01 85 f6 74 07 c6 81 dd 50 03
0x00007ff949c4a974:   00 01 4d 85 ff 0f 84 b8 03 00 00 48 8b d5 4c 89 


Register to memory mapping:

RAX=0x000000000110cb30 is an unknown value
RBX=0x0000000000000070 is an unknown value
RCX=0x0000000000000000 is an unknown value
RDX=0x0000000068930000 is an unknown value
RSP=0x000000001e76e550 is pointing into the stack for thread: 0x000000001cd23000
RBP=0x000000002c250080 is an unknown value
RSI=0x0000000000000000 is an unknown value
RDI=0x000000002c19ef40 is an unknown value
R8 =0x00000000303b0bd0 is an unknown value
R9 =0x0000000000000000 is an unknown value
R10=0x000000002c1875e0 is an unknown value
R11=0x000000001e76e278 is pointing into the stack for thread: 0x000000001cd23000
R12=0x0000000000000000 is an unknown value
R13=0x000000000000000e is an unknown value
R14=0x00000000303b0bd0 is an unknown value
R15=0x0000000068930000 is an unknown value


Stack: [0x000000001e670000,0x000000001e770000],  sp=0x000000001e76e550,  free space=1017k
Native frames: (J=compiled Java code, j=interpreted, Vv=VM code, C=native code)
C  [ig9icd64.dll+0x1a964]
C  [ig9icd64.dll+0x5d9f0e]
C  [ig9icd64.dll+0x64cc42]
C  [ig9icd64.dll+0x55d2fd]
C  [ig9icd64.dll+0x55d139]
C  [ig9icd64.dll+0x511ddb]
C  [ntdll.dll+0x19a1d]
C  [ntdll.dll+0x5f1da]
C  [ntdll.dll+0x5ef8d]
C  [KERNEL32.DLL+0x1e3eb]
C  [msvcr100.dll+0x20ccd]
C  [jdwp.dll+0xc8b9]
C  [jdwp.dll+0xa2ea]
C  [jdwp.dll+0xf15d]
C  [jdwp.dll+0x1f5c9]
C  [jdwp.dll+0x1f79e]
V  [jvm.dll+0x1be70a]
V  [jvm.dll+0x24672f]
V  [jvm.dll+0x29fc6a]
C  [msvcr100.dll+0x21d9f]
C  [msvcr100.dll+0x21e3b]
C  [KERNEL32.DLL+0x17374]
C  [ntdll.dll+0x4cc91]


---------------  P R O C E S S  ---------------

Java Threads: ( => current thread )
  0x000000001f550800 JavaThread "Thread-15" [_thread_blocked, id=9956, stack(0x0000000035320000,0x0000000035420000)]
  0x000000001f553000 JavaThread "Thread-14" [_thread_blocked, id=2436, stack(0x0000000031d70000,0x0000000031e70000)]
  0x000000001f551800 JavaThread "Chunk I/O Executor Thread-1" daemon [_thread_blocked, id=11640, stack(0x000000003ef50000,0x000000003f050000)]
  0x000000001f550000 JavaThread "Chunk Batcher 3" daemon [_thread_blocked, id=10592, stack(0x000000003b860000,0x000000003b960000)]
  0x000000001f543800 JavaThread "Chunk Batcher 2" daemon [_thread_blocked, id=10040, stack(0x000000003b760000,0x000000003b860000)]
  0x000000001f548800 JavaThread "Chunk Batcher 1" daemon [_thread_blocked, id=7680, stack(0x000000003b660000,0x000000003b760000)]
  0x000000001f547800 JavaThread "Chunk Batcher 0" daemon [_thread_blocked, id=11440, stack(0x0000000035ce0000,0x0000000035de0000)]
  0x000000001f54a000 JavaThread "Netty Server IO #1" daemon [_thread_in_native, id=3092, stack(0x000000002c080000,0x000000002c180000)]
  0x000000001f545800 JavaThread "Netty Local Client IO #0" daemon [_thread_blocked, id=11824, stack(0x000000002bf80000,0x000000002c080000)]
  0x000000001f549000 JavaThread "Netty Server IO #0" daemon [_thread_in_native, id=8028, stack(0x000000002a6b0000,0x000000002a7b0000)]
  0x000000001f544800 JavaThread "File IO Thread" [_thread_blocked, id=8556, stack(0x0000000027f00000,0x0000000028000000)]
  0x000000001f54a800 JavaThread "Server thread" [_thread_blocked, id=8272, stack(0x00000000013d0000,0x00000000014d0000)]
  0x0000000022bce000 JavaThread "Snooper Timer" daemon [_thread_blocked, id=11752, stack(0x00000000012d0000,0x00000000013d0000)]
  0x0000000022bcf800 JavaThread "Narrator" daemon [_thread_blocked, id=10340, stack(0x0000000024280000,0x0000000024380000)]
  0x0000000022bce800 JavaThread "LWJGL Timer" daemon [_thread_blocked, id=12040, stack(0x0000000028000000,0x0000000028100000)]
  0x0000000027300800 JavaThread "Java2D Disposer" daemon [_thread_blocked, id=5004, stack(0x0000000028340000,0x0000000028440000)]
  0x000000001ef5e800 JavaThread "Timer hack thread" daemon [_thread_blocked, id=11984, stack(0x0000000025c40000,0x0000000025d40000)]
  0x0000000021a5f000 JavaThread "Snooper Timer" daemon [_thread_blocked, id=11384, stack(0x0000000024550000,0x0000000024650000)]
  0x000000001e13b000 JavaThread "Service Thread" daemon [_thread_blocked, id=4740, stack(0x000000001ec70000,0x000000001ed70000)]
  0x000000001e0bb800 JavaThread "C1 CompilerThread2" daemon [_thread_blocked, id=9940, stack(0x000000001eb70000,0x000000001ec70000)]
  0x000000001e0b9000 JavaThread "C2 CompilerThread1" daemon [_thread_blocked, id=4224, stack(0x000000001ea70000,0x000000001eb70000)]
  0x000000001e0b6000 JavaThread "C2 CompilerThread0" daemon [_thread_blocked, id=6928, stack(0x000000001e970000,0x000000001ea70000)]
  0x000000001cd32800 JavaThread "JDWP Command Reader" daemon [_thread_in_vm, id=6752, stack(0x000000001e870000,0x000000001e970000)]
  0x000000001cd2f800 JavaThread "JDWP Event Helper Thread" daemon [_thread_blocked, id=11196, stack(0x000000001e770000,0x000000001e870000)]
=>0x000000001cd23000 JavaThread "JDWP Transport Listener: dt_socket" daemon [_thread_in_native, id=12044, stack(0x000000001e670000,0x000000001e770000)]
  0x000000001e0b3800 JavaThread "Attach Listener" daemon [_thread_blocked, id=7756, stack(0x000000001e570000,0x000000001e670000)]
  0x000000001cd08000 JavaThread "Signal Dispatcher" daemon [_thread_blocked, id=5496, stack(0x000000001e470000,0x000000001e570000)]
  0x000000000348c000 JavaThread "Finalizer" daemon [_thread_blocked, id=11100, stack(0x000000001df70000,0x000000001e070000)]
  0x0000000003488800 JavaThread "Reference Handler" daemon [_thread_blocked, id=7072, stack(0x000000001de70000,0x000000001df70000)]
  0x0000000003399000 JavaThread "Client thread" [_thread_in_native, id=11152, stack(0x0000000003290000,0x0000000003390000)]

Other Threads:
  0x000000001ccb7800 VMThread [stack: 0x000000001dd70000,0x000000001de70000] [id=9880]
  0x000000001e17d000 WatcherThread [stack: 0x000000001ed70000,0x000000001ee70000] [id=11716]

VM state:not at safepoint (normal execution)

VM Mutex/Monitor currently owned by a thread:  ([mutex/lock_event])
[0x00000000033972d0] MultiArray_lock - owner thread: 0x000000001cd32800

heap address: 0x00000006c0000000, size: 4096 MB, Compressed Oops mode: Zero based, Oop shift amount: 3
Narrow klass base: 0x0000000000000000, Narrow klass shift: 3
Compressed class space size: 1073741824 Address: 0x00000007c0000000

Heap:
 PSYoungGen      total 1252864K, used 405026K [0x000000076ab00000, 0x00000007bf380000, 0x00000007c0000000)
  eden space 1117696K, 30% used [0x000000076ab00000,0x000000077f885998,0x00000007aee80000)
  from space 135168K, 46% used [0x00000007b6f80000,0x00000007bad82f08,0x00000007bf380000)
  to   space 132096K, 0% used [0x00000007aee80000,0x00000007aee80000,0x00000007b6f80000)
 ParOldGen       total 415232K, used 270495K [0x00000006c0000000, 0x00000006d9580000, 0x000000076ab00000)
  object space 415232K, 65% used [0x00000006c0000000,0x00000006d0827fa0,0x00000006d9580000)
 Metaspace       used 62710K, capacity 63701K, committed 63960K, reserved 1105920K
  class space    used 7610K, capacity 7891K, committed 7896K, reserved 1048576K

Card table byte_map: [0x00000000129e0000,0x00000000131f0000] byte_map_base: 0x000000000f3e0000

Marking Bits: (ParMarkBitMap*) 0x000000006ea75ce0
 Begin Bits: [0x0000000013b50000, 0x0000000017b50000)
 End Bits:   [0x0000000017b50000, 0x000000001bb50000)

Polling page: 0x0000000002e80000

CodeCache: size=245760Kb used=51625Kb max_used=53867Kb free=194134Kb
 bounds [0x0000000003620000, 0x0000000006b10000, 0x0000000012620000]
 total_blobs=12730 nmethods=11737 adapters=910
 compilation: enabled

Compilation events (10 events):
Event: 2457.139 Thread 0x000000001e0bb800 18315       1       net.minecraft.world.storage.WorldSavedData::isDirty (5 bytes)
Event: 2457.140 Thread 0x000000001e0bb800 nmethod 18315 0x0000000005a99510 code [0x0000000005a99660, 0x0000000005a99770]
Event: 2457.196 Thread 0x000000001e0b9000 nmethod 18314 0x00000000066bfad0 code [0x00000000066bfca0, 0x00000000066c1f98]
Event: 2457.218 Thread 0x000000001e0bb800 18316       3       net.minecraft.entity.passive.EntityBat::writeEntityToNBT (29 bytes)
Event: 2457.219 Thread 0x000000001e0bb800 nmethod 18316 0x00000000066bed10 code [0x00000000066beee0, 0x00000000066bf648]
Event: 2457.343 Thread 0x000000001e0b9000 18317       4       java.util.TreeMap$PrivateEntryIterator::<init> (28 bytes)
Event: 2457.345 Thread 0x000000001e0b9000 nmethod 18317 0x0000000005be3190 code [0x0000000005be32c0, 0x0000000005be3398]
Event: 2457.345 Thread 0x000000001e0bb800 18318       3       net.minecraft.client.gui.FontRenderer::getStringWidth (128 bytes)
Event: 2457.347 Thread 0x000000001e0bb800 nmethod 18318 0x0000000005a9bcd0 code [0x0000000005a9bec0, 0x0000000005a9ca28]
Event: 2457.779 Thread 0x000000001e0b6000 nmethod 18309 0x000000000668d2d0 code [0x000000000668d900, 0x0000000006697a68]

GC Heap History (10 events):
Event: 2402.955 GC heap before
{Heap before GC invocations=42 (full 6):
 PSYoungGen      total 1139200K, used 1139120K [0x000000076ab00000, 0x00000007bef80000, 0x00000007c0000000)
  eden space 1073664K, 100% used [0x000000076ab00000,0x00000007ac380000,0x00000007ac380000)
  from space 65536K, 99% used [0x00000007ac380000,0x00000007b036c1b8,0x00000007b0380000)
  to   space 153600K, 0% used [0x00000007b5980000,0x00000007b5980000,0x00000007bef80000)
 ParOldGen       total 415232K, used 266706K [0x00000006c0000000, 0x00000006d9580000, 0x000000076ab00000)
  object space 415232K, 64% used [0x00000006c0000000,0x00000006d0474860,0x00000006d9580000)
 Metaspace       used 62523K, capacity 63509K, committed 63960K, reserved 1105920K
  class space    used 7605K, capacity 7891K, committed 7896K, reserved 1048576K
Event: 2403.184 GC heap after
Heap after GC invocations=42 (full 6):
 PSYoungGen      total 1231872K, used 62100K [0x000000076ab00000, 0x00000007c0000000, 0x00000007c0000000)
  eden space 1078272K, 0% used [0x000000076ab00000,0x000000076ab00000,0x00000007ac800000)
  from space 153600K, 40% used [0x00000007b5980000,0x00000007b9625310,0x00000007bef80000)
  to   space 148992K, 0% used [0x00000007ac800000,0x00000007ac800000,0x00000007b5980000)
 ParOldGen       total 415232K, used 268262K [0x00000006c0000000, 0x00000006d9580000, 0x000000076ab00000)
  object space 415232K, 64% used [0x00000006c0000000,0x00000006d05f98a8,0x00000006d9580000)
 Metaspace       used 62523K, capacity 63509K, committed 63960K, reserved 1105920K
  class space    used 7605K, capacity 7891K, committed 7896K, reserved 1048576K
}
Event: 2425.083 GC heap before
{Heap before GC invocations=43 (full 6):
 PSYoungGen      total 1231872K, used 1140372K [0x000000076ab00000, 0x00000007c0000000, 0x00000007c0000000)
  eden space 1078272K, 100% used [0x000000076ab00000,0x00000007ac800000,0x00000007ac800000)
  from space 153600K, 40% used [0x00000007b5980000,0x00000007b9625310,0x00000007bef80000)
  to   space 148992K, 0% used [0x00000007ac800000,0x00000007ac800000,0x00000007b5980000)
 ParOldGen       total 415232K, used 268262K [0x00000006c0000000, 0x00000006d9580000, 0x000000076ab00000)
  object space 415232K, 64% used [0x00000006c0000000,0x00000006d05f98a8,0x00000006d9580000)
 Metaspace       used 62587K, capacity 63573K, committed 63960K, reserved 1105920K
  class space    used 7608K, capacity 7891K, committed 7896K, reserved 1048576K
Event: 2425.150 GC heap after
Heap after GC invocations=43 (full 6):
 PSYoungGen      total 1227264K, used 60490K [0x000000076ab00000, 0x00000007bf380000, 0x00000007c0000000)
  eden space 1078272K, 0% used [0x000000076ab00000,0x000000076ab00000,0x00000007ac800000)
  from space 148992K, 40% used [0x00000007ac800000,0x00000007b0312a30,0x00000007b5980000)
  to   space 144896K, 0% used [0x00000007b6600000,0x00000007b6600000,0x00000007bf380000)
 ParOldGen       total 415232K, used 270355K [0x00000006c0000000, 0x00000006d9580000, 0x000000076ab00000)
  object space 415232K, 65% used [0x00000006c0000000,0x00000006d0804f90,0x00000006d9580000)
 Metaspace       used 62587K, capacity 63573K, committed 63960K, reserved 1105920K
  class space    used 7608K, capacity 7891K, committed 7896K, reserved 1048576K
}
Event: 2431.951 GC heap before
{Heap before GC invocations=44 (full 6):
 PSYoungGen      total 1227264K, used 1138437K [0x000000076ab00000, 0x00000007bf380000, 0x00000007c0000000)
  eden space 1078272K, 99% used [0x000000076ab00000,0x00000007ac7ae9d8,0x00000007ac800000)
  from space 148992K, 40% used [0x00000007ac800000,0x00000007b0312a30,0x00000007b5980000)
  to   space 144896K, 0% used [0x00000007b6600000,0x00000007b6600000,0x00000007bf380000)
 ParOldGen       total 415232K, used 270355K [0x00000006c0000000, 0x00000006d9580000, 0x000000076ab00000)
  object space 415232K, 65% used [0x00000006c0000000,0x00000006d0804f90,0x00000006d9580000)
 Metaspace       used 62645K, capacity 63701K, committed 63960K, reserved 1105920K
  class space    used 7608K, capacity 7891K, committed 7896K, reserved 1048576K
Event: 2432.071 GC heap after
Heap after GC invocations=44 (full 6):
 PSYoungGen      total 1244160K, used 63655K [0x000000076ab00000, 0x00000007bf300000, 0x00000007c0000000)
  eden space 1099776K, 0% used [0x000000076ab00000,0x000000076ab00000,0x00000007add00000)
  from space 144384K, 44% used [0x00000007b6600000,0x00000007ba429e98,0x00000007bf300000)
  to   space 140288K, 0% used [0x00000007add00000,0x00000007add00000,0x00000007b6600000)
 ParOldGen       total 415232K, used 270411K [0x00000006c0000000, 0x00000006d9580000, 0x000000076ab00000)
  object space 415232K, 65% used [0x00000006c0000000,0x00000006d0812f90,0x00000006d9580000)
 Metaspace       used 62645K, capacity 63701K, committed 63960K, reserved 1105920K
  class space    used 7608K, capacity 7891K, committed 7896K, reserved 1048576K
}
Event: 2435.892 GC heap before
{Heap before GC invocations=45 (full 6):
 PSYoungGen      total 1244160K, used 1163431K [0x000000076ab00000, 0x00000007bf300000, 0x00000007c0000000)
  eden space 1099776K, 100% used [0x000000076ab00000,0x00000007add00000,0x00000007add00000)
  from space 144384K, 44% used [0x00000007b6600000,0x00000007ba429e98,0x00000007bf300000)
  to   space 140288K, 0% used [0x00000007add00000,0x00000007add00000,0x00000007b6600000)
 ParOldGen       total 415232K, used 270411K [0x00000006c0000000, 0x00000006d9580000, 0x000000076ab00000)
  object space 415232K, 65% used [0x00000006c0000000,0x00000006d0812f90,0x00000006d9580000)
 Metaspace       used 62656K, capacity 63701K, committed 63960K, reserved 1105920K
  class space    used 7608K, capacity 7891K, committed 7896K, reserved 1048576K
Event: 2435.948 GC heap after
Heap after GC invocations=45 (full 6):
 PSYoungGen      total 1240064K, used 55838K [0x000000076ab00000, 0x00000007bf500000, 0x00000007c0000000)
  eden space 1099776K, 0% used [0x000000076ab00000,0x000000076ab00000,0x00000007add00000)
  from space 140288K, 39% used [0x00000007add00000,0x00000007b1387ab8,0x00000007b6600000)
  to   space 136704K, 0% used [0x00000007b6f80000,0x00000007b6f80000,0x00000007bf500000)
 ParOldGen       total 415232K, used 270443K [0x00000006c0000000, 0x00000006d9580000, 0x000000076ab00000)
  object space 415232K, 65% used [0x00000006c0000000,0x00000006d081af90,0x00000006d9580000)
 Metaspace       used 62656K, capacity 63701K, committed 63960K, reserved 1105920K
  class space    used 7608K, capacity 7891K, committed 7896K, reserved 1048576K
}
Event: 2454.924 GC heap before
{Heap before GC invocations=46 (full 6):
 PSYoungGen      total 1240064K, used 1155614K [0x000000076ab00000, 0x00000007bf500000, 0x00000007c0000000)
  eden space 1099776K, 100% used [0x000000076ab00000,0x00000007add00000,0x00000007add00000)
  from space 140288K, 39% used [0x00000007add00000,0x00000007b1387ab8,0x00000007b6600000)
  to   space 136704K, 0% used [0x00000007b6f80000,0x00000007b6f80000,0x00000007bf500000)
 ParOldGen       total 415232K, used 270443K [0x00000006c0000000, 0x00000006d9580000, 0x000000076ab00000)
  object space 415232K, 65% used [0x00000006c0000000,0x00000006d081af90,0x00000006d9580000)
 Metaspace       used 62697K, capacity 63701K, committed 63960K, reserved 1105920K
  class space    used 7610K, capacity 7891K, committed 7896K, reserved 1048576K
Event: 2455.032 GC heap after
Heap after GC invocations=46 (full 6):
 PSYoungGen      total 1252864K, used 63499K [0x000000076ab00000, 0x00000007bf380000, 0x00000007c0000000)
  eden space 1117696K, 0% used [0x000000076ab00000,0x000000076ab00000,0x00000007aee80000)
  from space 135168K, 46% used [0x00000007b6f80000,0x00000007bad82f08,0x00000007bf380000)
  to   space 132096K, 0% used [0x00000007aee80000,0x00000007aee80000,0x00000007b6f80000)
 ParOldGen       total 415232K, used 270495K [0x00000006c0000000, 0x00000006d9580000, 0x000000076ab00000)
  object space 415232K, 65% used [0x00000006c0000000,0x00000006d0827fa0,0x00000006d9580000)
 Metaspace       used 62697K, capacity 63701K, committed 63960K, reserved 1105920K
  class space    used 7610K, capacity 7891K, committed 7896K, reserved 1048576K
}

Deoptimization events (10 events):
Event: 2455.324 Thread 0x0000000003399000 Uncommon trap: reason=class_check action=maybe_recompile pc=0x00000000054d706c method=com.google.common.cache.LocalCache$Segment.removeEntry(Lcom/google/common/cache/LocalCache$ReferenceEntry;ILcom/google/common/cache/RemovalCause;)Z @ 32
Event: 2455.338 Thread 0x0000000003399000 Uncommon trap: reason=class_check action=maybe_recompile pc=0x00000000054d706c method=com.google.common.cache.LocalCache$Segment.removeEntry(Lcom/google/common/cache/LocalCache$ReferenceEntry;ILcom/google/common/cache/RemovalCause;)Z @ 32
Event: 2455.358 Thread 0x0000000003399000 Uncommon trap: reason=bimorphic action=maybe_recompile pc=0x0000000004fd6f7c method=net.minecraft.world.World.notifyLightSet(Lnet/minecraft/util/math/BlockPos;)V @ 29
Event: 2455.359 Thread 0x0000000003399000 Uncommon trap: reason=bimorphic action=maybe_recompile pc=0x0000000004fd6f7c method=net.minecraft.world.World.notifyLightSet(Lnet/minecraft/util/math/BlockPos;)V @ 29
Event: 2455.359 Thread 0x0000000003399000 Uncommon trap: reason=bimorphic action=maybe_recompile pc=0x0000000004fd6f7c method=net.minecraft.world.World.notifyLightSet(Lnet/minecraft/util/math/BlockPos;)V @ 29
Event: 2455.359 Thread 0x0000000003399000 Uncommon trap: reason=bimorphic action=maybe_recompile pc=0x0000000004fd6f7c method=net.minecraft.world.World.notifyLightSet(Lnet/minecraft/util/math/BlockPos;)V @ 29
Event: 2455.359 Thread 0x0000000003399000 Uncommon trap: reason=bimorphic action=maybe_recompile pc=0x0000000006ada214 method=net.minecraft.world.World.notifyLightSet(Lnet/minecraft/util/math/BlockPos;)V @ 29
Event: 2456.702 Thread 0x000000001f548800 Uncommon trap: reason=array_check action=maybe_recompile pc=0x0000000006ad8320 method=java.util.TimSort.mergeHi(IIII)V @ 419
Event: 2456.702 Thread 0x000000001f548800 Uncommon trap: reason=array_check action=maybe_recompile pc=0x0000000006ad8320 method=java.util.TimSort.mergeHi(IIII)V @ 419
Event: 2457.057 Thread 0x0000000003399000 Uncommon trap: reason=unstable_if action=reinterpret pc=0x0000000005411208 method=paulscode.sound.Source.playing()Z @ 24

Classes redefined (0 events):
No events

Internal exceptions (10 events):
Event: 2460.652 Thread 0x000000001f553000 Exception <a 'java/lang/InterruptedException': sleep interrupted> (0x0000000777fe33c8) thrown at [C:\re\workspace\8-2-build-windows-amd64-cygwin\jdk8u202\12323\hotspot\src\share\vm\prims\jvm.cpp, line 3336]
Event: 2460.664 Thread 0x000000001f553000 Exception <a 'java/lang/InterruptedException': sleep interrupted> (0x0000000777fe3670) thrown at [C:\re\workspace\8-2-build-windows-amd64-cygwin\jdk8u202\12323\hotspot\src\share\vm\prims\jvm.cpp, line 3336]
Event: 2460.682 Thread 0x000000001f553000 Exception <a 'java/lang/InterruptedException': sleep interrupted> (0x0000000777fe3918) thrown at [C:\re\workspace\8-2-build-windows-amd64-cygwin\jdk8u202\12323\hotspot\src\share\vm\prims\jvm.cpp, line 3336]
Event: 2460.702 Thread 0x000000001f553000 Exception <a 'java/lang/InterruptedException': sleep interrupted> (0x0000000777fe3bc0) thrown at [C:\re\workspace\8-2-build-windows-amd64-cygwin\jdk8u202\12323\hotspot\src\share\vm\prims\jvm.cpp, line 3336]
Event: 2460.714 Thread 0x000000001f553000 Exception <a 'java/lang/InterruptedException': sleep interrupted> (0x0000000777fe3e68) thrown at [C:\re\workspace\8-2-build-windows-amd64-cygwin\jdk8u202\12323\hotspot\src\share\vm\prims\jvm.cpp, line 3336]
Event: 2460.731 Thread 0x000000001f553000 Exception <a 'java/lang/InterruptedException': sleep interrupted> (0x0000000777fe4110) thrown at [C:\re\workspace\8-2-build-windows-amd64-cygwin\jdk8u202\12323\hotspot\src\share\vm\prims\jvm.cpp, line 3336]
Event: 2460.753 Thread 0x000000001f553000 Exception <a 'java/lang/InterruptedException': sleep interrupted> (0x0000000777fe43b8) thrown at [C:\re\workspace\8-2-build-windows-amd64-cygwin\jdk8u202\12323\hotspot\src\share\vm\prims\jvm.cpp, line 3336]
Event: 2460.764 Thread 0x000000001f553000 Exception <a 'java/lang/InterruptedException': sleep interrupted> (0x0000000777fe4660) thrown at [C:\re\workspace\8-2-build-windows-amd64-cygwin\jdk8u202\12323\hotspot\src\share\vm\prims\jvm.cpp, line 3336]
Event: 2460.781 Thread 0x000000001f553000 Exception <a 'java/lang/InterruptedException': sleep interrupted> (0x0000000777fe4908) thrown at [C:\re\workspace\8-2-build-windows-amd64-cygwin\jdk8u202\12323\hotspot\src\share\vm\prims\jvm.cpp, line 3336]
Event: 2460.807 Thread 0x000000001f553000 Exception <a 'java/lang/InterruptedException': sleep interrupted> (0x0000000777fe4bb0) thrown at [C:\re\workspace\8-2-build-windows-amd64-cygwin\jdk8u202\12323\hotspot\src\share\vm\prims\jvm.cpp, line 3336]

Events (10 events):
Event: 2460.731 Thread 0x000000001f553000 DEOPT PACKING pc=0x00000000049c041c sp=0x0000000031e6f490
Event: 2460.731 Thread 0x000000001f553000 DEOPT UNPACKING pc=0x0000000003667490 sp=0x0000000031e6f1a8 mode 1
Event: 2460.753 Thread 0x000000001f553000 DEOPT PACKING pc=0x00000000049c041c sp=0x0000000031e6f490
Event: 2460.753 Thread 0x000000001f553000 DEOPT UNPACKING pc=0x0000000003667490 sp=0x0000000031e6f1a8 mode 1
Event: 2460.764 Thread 0x000000001f553000 DEOPT PACKING pc=0x00000000049c041c sp=0x0000000031e6f490
Event: 2460.765 Thread 0x000000001f553000 DEOPT UNPACKING pc=0x0000000003667490 sp=0x0000000031e6f1a8 mode 1
Event: 2460.781 Thread 0x000000001f553000 DEOPT PACKING pc=0x00000000049c041c sp=0x0000000031e6f490
Event: 2460.781 Thread 0x000000001f553000 DEOPT UNPACKING pc=0x0000000003667490 sp=0x0000000031e6f1a8 mode 1
Event: 2460.807 Thread 0x000000001f553000 DEOPT PACKING pc=0x00000000049c041c sp=0x0000000031e6f490
Event: 2460.807 Thread 0x000000001f553000 DEOPT UNPACKING pc=0x0000000003667490 sp=0x0000000031e6f1a8 mode 1


Dynamic libraries:
0x00007ff620960000 - 0x00007ff620997000 	C:\Program Files\Java\jdk1.8.0_202\bin\java.exe
0x00007ff9a5b30000 - 0x00007ff9a5d28000 	C:\WINDOWS\SYSTEM32\ntdll.dll
0x00007ff9a4a50000 - 0x00007ff9a4b11000 	C:\WINDOWS\System32\KERNEL32.DLL
0x00007ff9a37f0000 - 0x00007ff9a3aed000 	C:\WINDOWS\System32\KERNELBASE.dll
0x00007ff9a49a0000 - 0x00007ff9a4a50000 	C:\WINDOWS\System32\ADVAPI32.dll
0x00007ff9a40b0000 - 0x00007ff9a414e000 	C:\WINDOWS\System32\msvcrt.dll
0x00007ff9a4460000 - 0x00007ff9a4500000 	C:\WINDOWS\System32\sechost.dll
0x00007ff9a4190000 - 0x00007ff9a42b3000 	C:\WINDOWS\System32\RPCRT4.dll
0x00007ff9a37c0000 - 0x00007ff9a37e7000 	C:\WINDOWS\System32\bcrypt.dll
0x00007ff9a42c0000 - 0x00007ff9a445d000 	C:\WINDOWS\System32\USER32.dll
0x00007ff9a32c0000 - 0x00007ff9a32e2000 	C:\WINDOWS\System32\win32u.dll
0x00007ff9a4150000 - 0x00007ff9a417b000 	C:\WINDOWS\System32\GDI32.dll
0x00007ff9a34a0000 - 0x00007ff9a35b7000 	C:\WINDOWS\System32\gdi32full.dll
0x00007ff9a3720000 - 0x00007ff9a37bd000 	C:\WINDOWS\System32\msvcp_win.dll
0x00007ff9a33a0000 - 0x00007ff9a34a0000 	C:\WINDOWS\System32\ucrtbase.dll
0x00007ff97c150000 - 0x00007ff97c3ea000 	C:\WINDOWS\WinSxS\amd64_microsoft.windows.common-controls_6595b64144ccf1df_6.0.19041.4355_none_60b8b9eb71f62e16\COMCTL32.dll
0x00007ff9a4970000 - 0x00007ff9a499f000 	C:\WINDOWS\System32\IMM32.DLL
0x000000006f170000 - 0x000000006f242000 	C:\Program Files\Java\jdk1.8.0_202\jre\bin\msvcr100.dll
0x000000006e250000 - 0x000000006eaf5000 	C:\Program Files\Java\jdk1.8.0_202\jre\bin\server\jvm.dll
0x00007ff9a4ff0000 - 0x00007ff9a4ff8000 	C:\WINDOWS\System32\PSAPI.DLL
0x00007ff98e140000 - 0x00007ff98e167000 	C:\WINDOWS\SYSTEM32\WINMM.dll
0x00007ff99cfe0000 - 0x00007ff99cfea000 	C:\WINDOWS\SYSTEM32\VERSION.dll
0x00007ff99e900000 - 0x00007ff99e909000 	C:\WINDOWS\SYSTEM32\WSOCK32.dll
0x00007ff9a5000000 - 0x00007ff9a506b000 	C:\WINDOWS\System32\WS2_32.dll
0x00007ff99e8f0000 - 0x00007ff99e8ff000 	C:\Program Files\Java\jdk1.8.0_202\jre\bin\verify.dll
0x00007ff99e8c0000 - 0x00007ff99e8e9000 	C:\Program Files\Java\jdk1.8.0_202\jre\bin\java.dll
0x00007ff992160000 - 0x00007ff992195000 	C:\Program Files\Java\jdk1.8.0_202\jre\bin\jdwp.dll
0x00007ff99e830000 - 0x00007ff99e838000 	C:\Program Files\Java\jdk1.8.0_202\jre\bin\npt.dll
0x00007ff991380000 - 0x00007ff9913a3000 	C:\Program Files\Java\jdk1.8.0_202\jre\bin\instrument.dll
0x00007ff991760000 - 0x00007ff991776000 	C:\Program Files\Java\jdk1.8.0_202\jre\bin\zip.dll
0x00007ff9a5100000 - 0x00007ff9a586f000 	C:\WINDOWS\System32\SHELL32.dll
0x00007ff9a1240000 - 0x00007ff9a19e3000 	C:\WINDOWS\SYSTEM32\windows.storage.dll
0x00007ff9a3b60000 - 0x00007ff9a3eb3000 	C:\WINDOWS\System32\combase.dll
0x00007ff9a2a60000 - 0x00007ff9a2a8e000 	C:\WINDOWS\SYSTEM32\Wldp.dll
0x00007ff9a4580000 - 0x00007ff9a464d000 	C:\WINDOWS\System32\OLEAUT32.dll
0x00007ff9a48b0000 - 0x00007ff9a495d000 	C:\WINDOWS\System32\SHCORE.dll
0x00007ff9a3ec0000 - 0x00007ff9a3f15000 	C:\WINDOWS\System32\shlwapi.dll
0x00007ff9a3110000 - 0x00007ff9a3134000 	C:\WINDOWS\SYSTEM32\profapi.dll
0x00007ff992140000 - 0x00007ff992149000 	C:\Program Files\Java\jdk1.8.0_202\jre\bin\dt_socket.dll
0x00007ff9a2840000 - 0x00007ff9a28aa000 	C:\WINDOWS\system32\mswsock.dll
0x00007ff991750000 - 0x00007ff99175d000 	C:\Program Files\Java\jdk1.8.0_202\jre\bin\management.dll
0x00007ff9913d0000 - 0x00007ff9913ea000 	C:\Program Files\Java\jdk1.8.0_202\jre\bin\net.dll
0x00007ff99a1d0000 - 0x00007ff99a3bc000 	C:\WINDOWS\SYSTEM32\urlmon.dll
0x00007ff999d10000 - 0x00007ff999fce000 	C:\WINDOWS\SYSTEM32\iertutil.dll
0x00007ff99a0d0000 - 0x00007ff99a0f8000 	C:\WINDOWS\SYSTEM32\srvcli.dll
0x00007ff9a2650000 - 0x00007ff9a265c000 	C:\WINDOWS\SYSTEM32\netutils.dll
0x00007ff982eb0000 - 0x00007ff982ec7000 	C:\WINDOWS\system32\napinsp.dll
0x00007ff982e90000 - 0x00007ff982eab000 	C:\WINDOWS\system32\pnrpnsp.dll
0x00007ff99db10000 - 0x00007ff99db25000 	C:\WINDOWS\system32\wshbth.dll
0x00007ff99e6f0000 - 0x00007ff99e70d000 	C:\WINDOWS\system32\NLAapi.dll
0x00007ff9a2540000 - 0x00007ff9a257b000 	C:\WINDOWS\SYSTEM32\IPHLPAPI.DLL
0x00007ff9a2580000 - 0x00007ff9a264a000 	C:\WINDOWS\SYSTEM32\DNSAPI.dll
0x00007ff9a4180000 - 0x00007ff9a4188000 	C:\WINDOWS\System32\NSI.dll
0x00007ff978660000 - 0x00007ff978672000 	C:\WINDOWS\System32\winrnr.dll
0x00007ff99c590000 - 0x00007ff99c59a000 	C:\Windows\System32\rasadhlp.dll
0x00007ff99adf0000 - 0x00007ff99ae70000 	C:\WINDOWS\System32\fwpuclnt.dll
0x00007ff9913b0000 - 0x00007ff9913c2000 	C:\Program Files\Java\jdk1.8.0_202\jre\bin\nio.dll
0x00007ff9a2de0000 - 0x00007ff9a2df8000 	C:\WINDOWS\SYSTEM32\CRYPTSP.dll
0x00007ff9a2180000 - 0x00007ff9a21b4000 	C:\WINDOWS\system32\rsaenh.dll
0x00007ff9a3090000 - 0x00007ff9a30be000 	C:\WINDOWS\SYSTEM32\USERENV.dll
0x00007ff9a31e0000 - 0x00007ff9a3262000 	C:\WINDOWS\System32\bcryptprimitives.dll
0x00007ff9a29d0000 - 0x00007ff9a29dc000 	C:\WINDOWS\SYSTEM32\CRYPTBASE.dll
0x00007ff99bce0000 - 0x00007ff99bcf7000 	C:\WINDOWS\SYSTEM32\dhcpcsvc6.DLL
0x00007ff99c000000 - 0x00007ff99c01d000 	C:\WINDOWS\SYSTEM32\dhcpcsvc.DLL
0x00007ff990bc0000 - 0x00007ff990c02000 	C:\Users\NING MEI\AppData\Local\Temp\jna-1163185221\jna6190977775008092136.dll
0x0000000180000000 - 0x0000000180053000 	C:\Users\NING MEI\.gradle\caches\minecraft\net\minecraft\natives\1.12.2\lwjgl64.dll
0x00007ff97bca0000 - 0x00007ff97bdc8000 	C:\WINDOWS\SYSTEM32\OPENGL32.dll
0x00007ff97bc70000 - 0x00007ff97bc9c000 	C:\WINDOWS\SYSTEM32\GLU32.dll
0x00007ff98f3b0000 - 0x00007ff98f549000 	C:\Program Files\Java\jdk1.8.0_202\jre\bin\awt.dll
0x00007ff9a07a0000 - 0x00007ff9a0834000 	C:\WINDOWS\SYSTEM32\apphelp.dll
0x00007ff99d690000 - 0x00007ff99d73e000 	C:\WINDOWS\SYSTEM32\mscms.dll
0x00007ff99d600000 - 0x00007ff99d611000 	C:\WINDOWS\SYSTEM32\ColorAdapterClient.dll
0x00007ff9a0f60000 - 0x00007ff9a0f72000 	C:\WINDOWS\SYSTEM32\kernel.appcore.dll
0x00007ff9a4800000 - 0x00007ff9a48a9000 	C:\WINDOWS\System32\clbcatq.dll
0x00007ff998f30000 - 0x00007ff998f73000 	C:\Windows\System32\Windows.Internal.Graphics.Display.DisplayColorManagement.dll
0x00007ff9a3270000 - 0x00007ff9a32be000 	C:\WINDOWS\System32\cfgmgr32.dll
0x00007ff9a0b50000 - 0x00007ff9a0bee000 	C:\WINDOWS\system32\uxtheme.dll
0x00007ff9a58d0000 - 0x00007ff9a59e5000 	C:\WINDOWS\System32\MSCTF.dll
0x00007ff9999d0000 - 0x00007ff999ac9000 	C:\WINDOWS\SYSTEM32\textinputframework.dll
0x00007ff9a0220000 - 0x00007ff9a057b000 	C:\WINDOWS\System32\CoreUIComponents.dll
0x00007ff9a0580000 - 0x00007ff9a0672000 	C:\WINDOWS\System32\CoreMessaging.dll
0x00007ff9a23d0000 - 0x00007ff9a2403000 	C:\WINDOWS\SYSTEM32\ntmarta.dll
0x00007ff99fe70000 - 0x00007ff99ffc7000 	C:\WINDOWS\SYSTEM32\wintypes.dll
0x00007ff99c470000 - 0x00007ff99c572000 	C:\Windows\System32\AppXDeploymentClient.dll
0x00007ff949c30000 - 0x00007ff94ac4d000 	C:\WINDOWS\System32\DriverStore\FileRepository\iigd_dch.inf_amd64_e96a5623ed9fa7ca\ig9icd64.dll
0x00007ff9a3f20000 - 0x00007ff9a404b000 	C:\WINDOWS\System32\ole32.dll
0x00007ff9a0f30000 - 0x00007ff9a0f5f000 	C:\WINDOWS\system32\dwmapi.dll
0x00007ff9a1a30000 - 0x00007ff9a1b26000 	C:\WINDOWS\system32\dxgi.dll
0x00007ff94ec20000 - 0x00007ff94eef0000 	C:\WINDOWS\System32\DriverStore\FileRepository\iigd_dch.inf_amd64_e96a5623ed9fa7ca\igdml64.dll
0x00007ff996320000 - 0x00007ff996709000 	C:\WINDOWS\System32\DriverStore\FileRepository\iigd_dch.inf_amd64_e96a5623ed9fa7ca\igdgmm64.dll
0x00007ff9900d0000 - 0x00007ff990116000 	C:\WINDOWS\SYSTEM32\icm32.dll
0x00007ff992530000 - 0x00007ff995b3f000 	C:\WINDOWS\System32\DriverStore\FileRepository\iigd_dch.inf_amd64_e96a5623ed9fa7ca\igc64.dll
0x00007ff9a3040000 - 0x00007ff9a308b000 	C:\WINDOWS\SYSTEM32\powrprof.dll
0x00007ff9a3020000 - 0x00007ff9a3032000 	C:\WINDOWS\SYSTEM32\UMPDC.dll
0x00007ff990080000 - 0x00007ff9900c2000 	C:\Users\NING MEI\AppData\Local\Temp\jna-1163185221\jna1452532662244675102.dll
0x00007ff99e930000 - 0x00007ff99e954000 	C:\Program Files\Java\jdk1.8.0_202\jre\bin\sunec.dll
0x00007ff99e920000 - 0x00007ff99e92b000 	C:\Program Files\Java\jdk1.8.0_202\jre\bin\sunmscapi.dll
0x00007ff9a35c0000 - 0x00007ff9a371c000 	C:\WINDOWS\System32\CRYPT32.dll
0x0000000028440000 - 0x00000000284a4000 	C:\Users\NING MEI\.gradle\caches\minecraft\net\minecraft\natives\1.12.2\OpenAL64.dll
0x00007ff99c7a0000 - 0x00007ff99c825000 	C:\WINDOWS\System32\MMDevApi.dll
0x00007ff9a2ea0000 - 0x00007ff9a2ed3000 	C:\WINDOWS\System32\DEVOBJ.dll
0x00007ff96c610000 - 0x00007ff96c6ac000 	C:\WINDOWS\SYSTEM32\dsound.dll
0x00007ff986da0000 - 0x00007ff986dc6000 	C:\WINDOWS\SYSTEM32\winmmbase.dll
0x00007ff99c900000 - 0x00007ff99ca81000 	C:\WINDOWS\SYSTEM32\AUDIOSES.DLL
0x00007ff9a0c20000 - 0x00007ff9a0c34000 	C:\WINDOWS\SYSTEM32\resourcepolicyclient.dll
0x00007ff992120000 - 0x00007ff99213a000 	C:\Users\NING MEI\.gradle\caches\minecraft\net\minecraft\natives\1.12.2\SAPIWrapper_x64.dll
0x00007ff96ccb0000 - 0x00007ff96cd78000 	C:\WINDOWS\system32\msctfuimanager.dll
0x00007ff94f450000 - 0x00007ff94f5fe000 	C:\WINDOWS\system32\DUI70.dll
0x00007ff96eb20000 - 0x00007ff96ebb5000 	C:\WINDOWS\system32\DUser.dll
0x00007ff975650000 - 0x00007ff975945000 	C:\WINDOWS\SYSTEM32\UIAutomationCore.dll
0x00007ff99ef70000 - 0x00007ff99f066000 	C:\WINDOWS\SYSTEM32\PROPSYS.dll
0x00007ff99d060000 - 0x00007ff99d06a000 	C:\WINDOWS\SYSTEM32\msiltcfg.dll
0x00007ff99cb90000 - 0x00007ff99cecb000 	C:\WINDOWS\SYSTEM32\msi.dll
0x00007ff9a2f70000 - 0x00007ff9a3012000 	C:\WINDOWS\SYSTEM32\sxs.dll
0x00007ff999260000 - 0x00007ff9992a7000 	C:\WINDOWS\System32\UIAnimation.dll
0x00007ff977c20000 - 0x00007ff977c86000 	C:\Windows\System32\oleacc.dll
0x00007ff9922b0000 - 0x00007ff99252f000 	C:\WINDOWS\system32\dwrite.dll
0x00007ff99f0a0000 - 0x00007ff99f303000 	C:\WINDOWS\system32\d3d11.dll
0x00007ff996800000 - 0x00007ff996ef6000 	C:\WINDOWS\SYSTEM32\D3D10Warp.dll
0x00007ff99d310000 - 0x00007ff99d34b000 	C:\WINDOWS\SYSTEM32\dxcore.dll
0x00007ff99f8d0000 - 0x00007ff99fab4000 	C:\WINDOWS\SYSTEM32\dcomp.dll
0x00007ff9910a0000 - 0x00007ff99113e000 	C:\WINDOWS\system32\directmanipulation.dll
0x00007ff991cb0000 - 0x00007ff991d5c000 	C:\WINDOWS\SYSTEM32\TextShaping.dll
0x00007ff99b540000 - 0x00007ff99b576000 	C:\WINDOWS\system32\xmllite.dll
0x00007ff991560000 - 0x00007ff991744000 	C:\WINDOWS\SYSTEM32\dbghelp.dll

VM Arguments:
jvm_args: -Ddebugger.agent.enable.coroutines=true -Dkotlinx.coroutines.debug.enable.creation.stack.trace=false -agentlib:jdwp=transport=dt_socket,server=n,suspend=y,address=127.0.0.1:4591 -javaagent:C:\Users\NINGME~1\AppData\Local\Temp\captureAgentjars\debugger-agent.jar -Dfile.encoding=UTF-8 -Duser.country=CN -Duser.language=zh -Duser.variant -Xmx4096M -Xms512M 
java_command: GradleStart
java_class_path (initial): C:\Users\NING MEI\.gradle\caches\minecraft\deobfedDeps\compileDummy.jar;C:\Users\NING MEI\.gradle\caches\minecraft\deobfedDeps\providedDummy.jar;C:\Users\NING MEI\.gradle\caches\minecraft\net\minecraftforge\forge\1.12.2-14.23.5.2768\snapshot\20171003\forgeSrc-1.12.2-14.23.5.2768.jar;C:\Users\NING MEI\.gradle\caches\modules-2\files-2.1\com.mojang\authlib\1.5.25\9834cdf236c22e84b946bba989e2f94ef5897c3c\authlib-1.5.25.jar;C:\Users\NING MEI\.gradle\caches\modules-2\files-2.1\com.google.code.findbugs\jsr305\3.0.1\f7be08ec23c21485b9b5a1cf1654c2ec8c58168d\jsr305-3.0.1.jar;C:\Users\NING MEI\.gradle\caches\modules-2\files-2.1\com.mojang\patchy\1.3.9\eb8bb7b66fa0e2152b1b40b3856e82f7619439ee\patchy-1.3.9.jar;C:\Users\NING MEI\.gradle\caches\modules-2\files-2.1\oshi-project\oshi-core\1.1\9ddf7b048a8d701be231c0f4f95fd986198fd2d8\oshi-core-1.1.jar;C:\Users\NING MEI\.gradle\caches\modules-2\files-2.1\com.mojang\text2speech\1.10.3\48fd510879dff266c3815947de66e3d4809f8668\text2speech-1.10.3.jar;C:\Users\NING MEI\.gradle\caches\modules-2\files-2.1\ca.weblite\java-objc-bridge\1.0.0\6ef160c3133a78de015830860197602ca1c855d3\java-objc-bridge-1.0.0.jar;C:\Users\NING MEI\.gradle\caches\modules-2\files-2.1\net.java.dev.jna\jna\4.4.0\cb208278274bf12ebdb56c61bd7407e6f774d65a\jna-4.4.0.jar;C:\Users\NING MEI\.gradle\caches\modules-2\files-2.1\net.java.dev.jna\platform\3.4.0\e3f70017be8100d3d6923f50b3d2ee17714e9c13\platform-3.4.0.jar;C:\Users\NING MEI\.gradle\caches\modules-2\files-2.1\com.ibm.icu\icu4j-core-mojang\51.2\63d216a9311cca6be337c1e458e587f99d382b84\icu4j-core-mojang-51.2.jar;C:\Users\NING MEI\.gradle\caches\modules-2\files-2.1\net.minecraft\launchwrapper\1.12\111e7bea9c968cdb3d06ef4632bf7ff0824d0f36\launchwrapper-1.12.jar;C:\Users\NING MEI\.gradle\caches\modules-2\files-2.1\net.sf.jopt-simple\jopt-simple\5.0.3\cdd846cfc4e0f7eefafc02c0f5dce32b9303aa2a\jopt-simple-5.0.3.jar;C:\Users\NING MEI\.gradle\caches\modules-2\files-2.1\io.netty\netty-all\4.1.9.Final\
Launcher Type: SUN_STANDARD

Environment Variables:
JAVA_HOME=C:\Program Files\Java\jdk1.8.0_202\
_JAVA_OPTIONS=-Xmx4096M -Xms512M
PATH=C:\Program Files\PlasticSCM5\server;C:\Program Files\PlasticSCM5\client;C:\Program Files (x86)\NVIDIA Corporation\PhysX\Common;E:\opencv\build\x64\vc15\bin;C:\Gradle\gradle-7.2-bin\bin;C:\Program Files\Java\jdk1.8.0_202\bin;C:\Program Files\Common Files\Oracle\Java\javapath;E:\python3.9.6;C:\WINDOWS\system32;C:\WINDOWS;C:\WINDOWS\System32\Wbem;C:\WINDOWS\System32\WindowsPowerShell\v1.0\;C:\WINDOWS\System32\OpenSSH\;C:\Program Files\Bandizip\;C:\Program Files\dotnet\;C:\Program Files\Microsoft SQL Server\150\Tools\Binn\;C:\Program Files\Docker\Docker\resources\bin;C:\Program Files (x86)\Windows Kits\10\Windows Performance Toolkit\;E:\opencv\build\x64\vc15\bin;C:\Users\NING MEI\miniconda3;C:\Users\NING MEI\miniconda3\Library\mingw-w64\bin;C:\Users\NING MEI\miniconda3\Library\usr\bin;C:\Users\NING MEI\miniconda3\Library\bin;C:\Users\NING MEI\miniconda3\Scripts;C:\Program Files\Java\jdk1.8.0_202\bin;E:\python3.9.6\Scripts\;E:\python3.9.6\;C:\Users\NING MEI\AppData\Local\Programs\Python\Launcher\;E:\python\Scripts\;E:\python\;C:\Users\NING MEI\AppData\Local\Microsoft\WindowsApps;Z:\IntelliJ IDEA 2019.1.4\bin;;D:\IntelliJ IDEA Community Edition 2024.2.1\bin;;D:\WebStorm 2021.3.2\bin;;D:\PyCharm Community Edition 2021.3.3\bin;;F:\Microsoft VS Code\bin;C:\Users\NING MEI\.dotnet\tools;
USERNAME=NING MEI
OS=Windows_NT
PROCESSOR_IDENTIFIER=Intel64 Family 6 Model 122 Stepping 1, GenuineIntel



---------------  S Y S T E M  ---------------

OS: Windows 10.0 , 64 bit Build 19041 (10.0.19041.4842)

CPU:total 4 (initial active 4) (4 cores per cpu, 1 threads per core) family 6 model 122 stepping 1, cmov, cx8, fxsr, mmx, sse, sse2, sse3, ssse3, sse4.1, sse4.2, popcnt, aes, clmul, erms, 3dnowpref, tsc, tscinvbit

Memory: 4k page, physical 8235312k(194912k free), swap 15345872k(2123876k free)

vm_info: Java HotSpot(TM) 64-Bit Server VM (25.202-b08) for windows-amd64 JRE (1.8.0_202-b08), built on Dec 15 2018 19:54:30 by "java_re" with MS VC++ 10.0 (VS2010)

time: Mon Sep 16 15:41:10 2024
timezone: 中国标准时间
elapsed time: 2461 seconds (0d 0h 41m 1s)

